[PREINITIALIZATION][SERVER][INFO] Thank you to the Patreon supporters below and others who make CraftTweaker possible!
Lucas
Genryu
Ncc1702
DreamThorn
Jellycraft
embeddedt
Jordan Pineo
Jessie Sims
NerdyWhiteGuy
Peregrinus11
Hooley
Spencer Gilbert
Ivy_
Belathus
Pongo Sapiens
NickT
Quaternary
Jonathan McManus
Zuniroa
If you want to support the mod, checkout https://patreon.com/jaredlll08?s=crtmod

[PREINITIALIZATION][SERVER][INFO] Current loaders after merging: [[preinit]]
[PREINITIALIZATION][SERVER][INFO] Loading scripts for loader with names [preinit]
[PREINITIALIZATION][SERVER][INFO] Completed script loading in: 1ms
[INITIALIZATION][SERVER][INFO] CraftTweaker: Building registry
[INITIALIZATION][SERVER][INFO] CraftTweaker: Successfully built item registry
[INITIALIZATION][SERVER][INFO] Current loaders after merging: [[preinit], [recipeevent | crafttweaker]]
[INITIALIZATION][SERVER][INFO] Loading scripts for loader with names [crafttweaker | recipeevent]
[INITIALIZATION][SERVER][INFO] Completed script loading in: 0ms
[POSTINITIALIZATION][SERVER][INFO] Removing recipes for various outputs
